  [1m[35m (6.3ms)[0m  [1m[35mCREATE TABLE "schema_migrations" ("version" character varying NOT NULL PRIMARY KEY)[0m
  [1m[35m (2.8ms)[0m  [1m[35mCREATE TABLE "ar_internal_metadata" ("key" character varying NOT NULL PRIMARY KEY, "value" character varying, "created_at" timestamp NOT NULL, "updated_at" timestamp NOT NULL)[0m
  [1m[35m (0.2ms)[0m  [1m[34mSELECT pg_try_advisory_lock(5947107203930854185)[0m
  [1m[35m (0.4ms)[0m  [1m[34mSELECT "schema_migrations"."version" FROM "schema_migrations" ORDER BY "schema_migrations"."version" ASC[0m
Migrating to CreateUsers (20170915213319)
  [1m[35m (0.2ms)[0m  [1m[35mBEGIN[0m
  [1m[35m (3.1ms)[0m  [1m[35mCREATE TABLE "users" ("id" bigserial primary key, "username" character varying, "password_digest" character varying, "grade" integer, "interests" character varying, "strengths" character varying, "aspirations" character varying, "date" date, "created_at" timestamp NOT NULL, "updated_at" timestamp NOT NULL)[0m
  [1m[35mSQL (0.4ms)[0m  [1m[32mINSERT INTO "schema_migrations" ("version") VALUES ($1) RETURNING "version"[0m  [["version", "20170915213319"]]
  [1m[35m (0.5ms)[0m  [1m[35mCOMMIT[0m
  [1m[36mActiveRecord::InternalMetadata Load (0.4ms)[0m  [1m[34mSELECT  "ar_internal_metadata".* FROM "ar_internal_metadata" WHERE "ar_internal_metadata"."key" = $1 LIMIT $2[0m  [["key", "environment"], ["LIMIT", 1]]
  [1m[35m (0.1ms)[0m  [1m[35mBEGIN[0m
  [1m[35mSQL (0.3ms)[0m  [1m[32mINSERT INTO "ar_internal_metadata" ("key", "value", "created_at", "updated_at") VALUES ($1, $2, $3, $4) RETURNING "key"[0m  [["key", "environment"], ["value", "development"], ["created_at", "2017-09-15 21:34:30.173204"], ["updated_at", "2017-09-15 21:34:30.173204"]]
  [1m[35m (0.4ms)[0m  [1m[35mCOMMIT[0m
  [1m[35m (0.2ms)[0m  [1m[34mSELECT pg_advisory_unlock(5947107203930854185)[0m
  [1m[35m (0.2ms)[0m  [1m[34mSELECT "schema_migrations"."version" FROM "schema_migrations" ORDER BY "schema_migrations"."version" ASC[0m
  [1m[35m (0.2ms)[0m  [1m[34mSELECT pg_try_advisory_lock(5947107203930854185)[0m
  [1m[35m (0.7ms)[0m  [1m[34mSELECT "schema_migrations"."version" FROM "schema_migrations" ORDER BY "schema_migrations"."version" ASC[0m
Migrating to CreatePlans (20170915214726)
  [1m[35m (0.1ms)[0m  [1m[35mBEGIN[0m
  [1m[35m (8.9ms)[0m  [1m[35mCREATE TABLE "plans" ("id" bigserial primary key, "affective_goal" text, "academic_goal" text, "task" text, "measure" text, "actions" text, "purpose" text, "deadline" date, "created_at" timestamp NOT NULL, "updated_at" timestamp NOT NULL)[0m
  [1m[35mSQL (0.4ms)[0m  [1m[32mINSERT INTO "schema_migrations" ("version") VALUES ($1) RETURNING "version"[0m  [["version", "20170915214726"]]
  [1m[35m (0.6ms)[0m  [1m[35mCOMMIT[0m
  [1m[36mActiveRecord::InternalMetadata Load (0.2ms)[0m  [1m[34mSELECT  "ar_internal_metadata".* FROM "ar_internal_metadata" WHERE "ar_internal_metadata"."key" = $1 LIMIT $2[0m  [["key", "environment"], ["LIMIT", 1]]
  [1m[35m (0.2ms)[0m  [1m[35mBEGIN[0m
  [1m[35m (0.1ms)[0m  [1m[35mCOMMIT[0m
  [1m[35m (0.2ms)[0m  [1m[34mSELECT pg_advisory_unlock(5947107203930854185)[0m
  [1m[35m (0.2ms)[0m  [1m[34mSELECT "schema_migrations"."version" FROM "schema_migrations" ORDER BY "schema_migrations"."version" ASC[0m
  [1m[35m (0.2ms)[0m  [1m[34mSELECT pg_try_advisory_lock(5947107203930854185)[0m
  [1m[35m (0.6ms)[0m  [1m[34mSELECT "schema_migrations"."version" FROM "schema_migrations" ORDER BY "schema_migrations"."version" ASC[0m
Migrating to AddForeignKeyToPlans (20170915215340)
  [1m[35m (0.2ms)[0m  [1m[35mBEGIN[0m
  [1m[35m (0.8ms)[0m  [1m[35mALTER TABLE "plans" ADD "user_id" integer[0m
  [1m[35mSQL (0.4ms)[0m  [1m[32mINSERT INTO "schema_migrations" ("version") VALUES ($1) RETURNING "version"[0m  [["version", "20170915215340"]]
  [1m[35m (0.6ms)[0m  [1m[35mCOMMIT[0m
  [1m[36mActiveRecord::InternalMetadata Load (0.2ms)[0m  [1m[34mSELECT  "ar_internal_metadata".* FROM "ar_internal_metadata" WHERE "ar_internal_metadata"."key" = $1 LIMIT $2[0m  [["key", "environment"], ["LIMIT", 1]]
  [1m[35m (0.2ms)[0m  [1m[35mBEGIN[0m
  [1m[35m (0.1ms)[0m  [1m[35mCOMMIT[0m
  [1m[35m (0.2ms)[0m  [1m[34mSELECT pg_advisory_unlock(5947107203930854185)[0m
  [1m[35m (0.2ms)[0m  [1m[34mSELECT "schema_migrations"."version" FROM "schema_migrations" ORDER BY "schema_migrations"."version" ASC[0m
  [1m[35m (0.2ms)[0m  [1m[35mBEGIN[0m
  [1m[35mSQL (0.7ms)[0m  [1m[32mINSERT INTO "users" ("username", "password_digest", "grade", "interests", "strengths", "aspirations", "date", "created_at", "updated_at") VALUES ($1, $2, $3, $4, $5, $6, $7, $8, $9) RETURNING "id"[0m  [["username", "Ginger"], ["password_digest", "$2a$10$zKYfnVmy8AlKh.h1YQKId.h4PDSkW9Mskl2Y9541pHxhZdVm2ev7C"], ["grade", 11], ["interests", "listening to music, sci fi books, driving, clothes, reading"], ["strengths", "reading, writing, speaking"], ["aspirations", "teach college literature and write books"], ["date", 0], ["created_at", "2017-09-15 22:33:18.716137"], ["updated_at", "2017-09-15 22:33:18.716137"]]
  [1m[35m (0.2ms)[0m  [1m[31mROLLBACK[0m
Started POST "/users/login" for 127.0.0.1 at 2017-09-15 16:42:15 -0600
  [1m[35m (0.6ms)[0m  [1m[34mSELECT "schema_migrations"."version" FROM "schema_migrations" ORDER BY "schema_migrations"."version" ASC[0m
Processing by UsersController#login as */*
  Parameters: {"user"=>{"username"=>"Ginger", "password"=>"[FILTERED]"}}
  [1m[36mUser Load (0.5ms)[0m  [1m[34mSELECT  "users".* FROM "users" WHERE "users"."username" = $1 LIMIT $2[0m  [["username", "Ginger"], ["LIMIT", 1]]
Completed 200 OK in 10ms (Views: 0.3ms | ActiveRecord: 2.1ms)


Started POST "/users/login" for 127.0.0.1 at 2017-09-15 16:43:48 -0600
Processing by UsersController#login as */*
  Parameters: {"user"=>{"username"=>"Ginger", "password"=>"[FILTERED]"}}
  [1m[36mUser Load (0.3ms)[0m  [1m[34mSELECT  "users".* FROM "users" WHERE "users"."username" = $1 LIMIT $2[0m  [["username", "Ginger"], ["LIMIT", 1]]
Completed 200 OK in 10ms (Views: 0.2ms | ActiveRecord: 0.3ms)


  [1m[36mUser Load (0.4ms)[0m  [1m[34mSELECT  "users".* FROM "users" LIMIT $1[0m  [["LIMIT", 11]]
Started POST "/users/login" for 127.0.0.1 at 2017-09-15 16:48:44 -0600
Processing by UsersController#login as */*
  Parameters: {"user"=>{"username"=>"Ginger", "password"=>"[FILTERED]"}}
  [1m[36mUser Load (1.2ms)[0m  [1m[34mSELECT  "users".* FROM "users" WHERE "users"."username" = $1 LIMIT $2[0m  [["username", "Ginger"], ["LIMIT", 1]]
Completed 200 OK in 4ms (Views: 0.3ms | ActiveRecord: 1.2ms)


Started POST "/users/login" for 127.0.0.1 at 2017-09-15 16:56:04 -0600
Processing by UsersController#login as */*
  Parameters: {"user"=>{"username"=>"Ginger", "password"=>"[FILTERED]"}}
  [1m[36mUser Load (0.3ms)[0m  [1m[34mSELECT  "users".* FROM "users" WHERE "users"."username" = $1 LIMIT $2[0m  [["username", "Ginger"], ["LIMIT", 1]]
Completed 200 OK in 1ms (Views: 0.1ms | ActiveRecord: 0.3ms)


  [1m[35m (0.2ms)[0m  [1m[35mBEGIN[0m
  [1m[35mSQL (6.0ms)[0m  [1m[32mINSERT INTO "users" ("username", "password_digest", "grade", "interests", "strengths", "aspirations", "date", "created_at", "updated_at") VALUES ($1, $2, $3, $4, $5, $6, $7, $8, $9) RETURNING "id"[0m  [["username", "Ginger"], ["password_digest", "$2a$10$jdQsChGmcvaXxtQuIk91ge2mm2SUHrrjCDpDYjeOY1Bxv.RHi7Ima"], ["grade", 11], ["interests", "listening to music, sci fi books, driving, clothes, reading"], ["strengths", "reading, writing, speaking"], ["aspirations", "teach college literature and write books"], ["date", -1997], ["created_at", "2017-09-15 23:03:53.921176"], ["updated_at", "2017-09-15 23:03:53.921176"]]
  [1m[35m (0.2ms)[0m  [1m[31mROLLBACK[0m
  [1m[36mUser Load (0.5ms)[0m  [1m[34mSELECT  "users".* FROM "users" LIMIT $1[0m  [["LIMIT", 11]]
  [1m[35m (0.2ms)[0m  [1m[35mBEGIN[0m
  [1m[35mSQL (6.2ms)[0m  [1m[32mINSERT INTO "users" ("username", "password_digest", "grade", "interests", "strengths", "aspirations", "date", "created_at", "updated_at") VALUES ($1, $2, $3, $4, $5, $6, $7, $8, $9) RETURNING "id"[0m  [["username", "Ginger"], ["password_digest", "$2a$10$Jw7VhIdDLH.uqxzdNckXIOFrEw1kcJM/WWm8RAv0pl3dmm9h5Mc0u"], ["grade", 11], ["interests", "listening to music, sci fi books, driving, clothes, reading"], ["strengths", "reading, writing, speaking"], ["aspirations", "teach college literature and write books"], ["date", 11], ["created_at", "2017-09-15 23:19:58.022123"], ["updated_at", "2017-09-15 23:19:58.022123"]]
  [1m[35m (0.2ms)[0m  [1m[31mROLLBACK[0m
  [1m[36mUser Load (0.8ms)[0m  [1m[34mSELECT  "users".* FROM "users" LIMIT $1[0m  [["LIMIT", 11]]
Started GET "/" for 127.0.0.1 at 2017-09-15 17:25:26 -0600
  
ActionController::RoutingError (uninitialized constant WelcomeController):
  
activesupport (5.1.4) lib/active_support/inflector/methods.rb:269:in `const_get'
activesupport (5.1.4) lib/active_support/inflector/methods.rb:269:in `block in constantize'
activesupport (5.1.4) lib/active_support/inflector/methods.rb:267:in `each'
activesupport (5.1.4) lib/active_support/inflector/methods.rb:267:in `inject'
activesupport (5.1.4) lib/active_support/inflector/methods.rb:267:in `constantize'
actionpack (5.1.4) lib/action_dispatch/http/request.rb:85:in `controller_class_for'
actionpack (5.1.4) lib/action_dispatch/http/request.rb:78:in `controller_class'
actionpack (5.1.4) lib/action_dispatch/routing/route_set.rb:43:in `controller'
actionpack (5.1.4) lib/action_dispatch/routing/route_set.rb:29:in `serve'
actionpack (5.1.4) lib/action_dispatch/journey/router.rb:50:in `block in serve'
actionpack (5.1.4) lib/action_dispatch/journey/router.rb:33:in `each'
actionpack (5.1.4) lib/action_dispatch/journey/router.rb:33:in `serve'
actionpack (5.1.4) lib/action_dispatch/routing/route_set.rb:834:in `call'
rack (2.0.3) lib/rack/etag.rb:25:in `call'
rack (2.0.3) lib/rack/conditional_get.rb:25:in `call'
rack (2.0.3) lib/rack/head.rb:12:in `call'
activerecord (5.1.4) lib/active_record/migration.rb:556:in `call'
actionpack (5.1.4) lib/action_dispatch/middleware/callbacks.rb:26:in `block in call'
activesupport (5.1.4) lib/active_support/callbacks.rb:97:in `run_callbacks'
actionpack (5.1.4) lib/action_dispatch/middleware/callbacks.rb:24:in `call'
actionpack (5.1.4) lib/action_dispatch/middleware/executor.rb:12:in `call'
actionpack (5.1.4) lib/action_dispatch/middleware/debug_exceptions.rb:59:in `call'
actionpack (5.1.4) lib/action_dispatch/middleware/show_exceptions.rb:31:in `call'
railties (5.1.4) lib/rails/rack/logger.rb:36:in `call_app'
railties (5.1.4) lib/rails/rack/logger.rb:24:in `block in call'
activesupport (5.1.4) lib/active_support/tagged_logging.rb:69:in `block in tagged'
activesupport (5.1.4) lib/active_support/tagged_logging.rb:26:in `tagged'
activesupport (5.1.4) lib/active_support/tagged_logging.rb:69:in `tagged'
railties (5.1.4) lib/rails/rack/logger.rb:24:in `call'
actionpack (5.1.4) lib/action_dispatch/middleware/remote_ip.rb:79:in `call'
actionpack (5.1.4) lib/action_dispatch/middleware/request_id.rb:25:in `call'
rack (2.0.3) lib/rack/runtime.rb:22:in `call'
activesupport (5.1.4) lib/active_support/cache/strategy/local_cache_middleware.rb:27:in `call'
actionpack (5.1.4) lib/action_dispatch/middleware/executor.rb:12:in `call'
actionpack (5.1.4) lib/action_dispatch/middleware/static.rb:125:in `call'
rack (2.0.3) lib/rack/sendfile.rb:111:in `call'
railties (5.1.4) lib/rails/engine.rb:522:in `call'
puma (3.10.0) lib/puma/configuration.rb:225:in `call'
puma (3.10.0) lib/puma/server.rb:605:in `handle_request'
puma (3.10.0) lib/puma/server.rb:437:in `process_client'
puma (3.10.0) lib/puma/server.rb:301:in `block in run'
puma (3.10.0) lib/puma/thread_pool.rb:120:in `block in spawn_thread'
  [1m[35m (0.1ms)[0m  [1m[35mBEGIN[0m
  [1m[35mSQL (0.9ms)[0m  [1m[32mINSERT INTO "users" ("username", "password_digest", "created_at", "updated_at") VALUES ($1, $2, $3, $4) RETURNING "id"[0m  [["username", "Ginger"], ["password_digest", "$2a$10$1vdYEird6JxSWDyRyg5IleSN/rCxoGjbjqD4i7ksZglABJ9H5DP0K"], ["created_at", "2017-09-15 23:32:26.547185"], ["updated_at", "2017-09-15 23:32:26.547185"]]
  [1m[35m (5.7ms)[0m  [1m[35mCOMMIT[0m
  [1m[36mUser Load (0.5ms)[0m  [1m[34mSELECT  "users".* FROM "users" LIMIT $1[0m  [["LIMIT", 11]]
Started POST "/users/login" for 127.0.0.1 at 2017-09-15 17:35:25 -0600
  [1m[35m (1.3ms)[0m  [1m[34mSELECT "schema_migrations"."version" FROM "schema_migrations" ORDER BY "schema_migrations"."version" ASC[0m
Processing by UsersController#login as */*
  Parameters: {"user"=>{"username"=>"Ginger", "password"=>"[FILTERED]"}}
  [1m[36mUser Load (0.3ms)[0m  [1m[34mSELECT  "users".* FROM "users" WHERE "users"."username" = $1 LIMIT $2[0m  [["username", "Ginger"], ["LIMIT", 1]]
Completed 500 Internal Server Error in 242ms (ActiveRecord: 4.4ms)


  
NameError (undefined local variable or method `token' for #<UsersController:0x007fac873e0dd8>):
  
app/controllers/users_controller.rb:15:in `login'
Started POST "/users/login" for 127.0.0.1 at 2017-09-15 17:37:55 -0600
Processing by UsersController#login as */*
  Parameters: {"user"=>{"username"=>"Ginger", "password"=>"[FILTERED]"}}
  [1m[36mUser Load (5.1ms)[0m  [1m[34mSELECT  "users".* FROM "users" WHERE "users"."username" = $1 LIMIT $2[0m  [["username", "Ginger"], ["LIMIT", 1]]
Completed 200 OK in 92ms (Views: 0.7ms | ActiveRecord: 5.1ms)


Started POST "/users/login" for 127.0.0.1 at 2017-09-15 18:13:12 -0600
Processing by UsersController#login as */*
  Parameters: {"user"=>{"username"=>"Ginger", "password"=>"[FILTERED]"}}
  [1m[36mUser Load (0.2ms)[0m  [1m[34mSELECT  "users".* FROM "users" WHERE "users"."username" = $1 LIMIT $2[0m  [["username", "Ginger"], ["LIMIT", 1]]
Completed 500 Internal Server Error in 86ms (ActiveRecord: 0.2ms)


  
NameError (uninitialized constant UsersController::JWT):
  
app/controllers/users_controller.rb:65:in `create_token'
app/controllers/users_controller.rb:15:in `login'
Started POST "/users/login" for 127.0.0.1 at 2017-09-15 18:15:52 -0600
  [1m[35m (0.6ms)[0m  [1m[34mSELECT "schema_migrations"."version" FROM "schema_migrations" ORDER BY "schema_migrations"."version" ASC[0m
Processing by UsersController#login as */*
  Parameters: {"user"=>{"username"=>"Ginger", "password"=>"[FILTERED]"}}
  [1m[36mUser Load (0.4ms)[0m  [1m[34mSELECT  "users".* FROM "users" WHERE "users"."username" = $1 LIMIT $2[0m  [["username", "Ginger"], ["LIMIT", 1]]
Completed 200 OK in 94ms (Views: 0.6ms | ActiveRecord: 4.2ms)


Started GET "/users" for 127.0.0.1 at 2017-09-15 18:48:28 -0600
Processing by UsersController#index as HTML
  [1m[36mUser Load (0.2ms)[0m  [1m[34mSELECT "users".* FROM "users"[0m
Completed 200 OK in 17ms (Views: 9.9ms | ActiveRecord: 3.4ms)


Started GET "/users" for 127.0.0.1 at 2017-09-15 18:49:11 -0600
Processing by UsersController#index as HTML
  [1m[36mUser Load (0.3ms)[0m  [1m[34mSELECT "users".* FROM "users"[0m
Completed 200 OK in 2ms (Views: 1.3ms | ActiveRecord: 0.3ms)


Started GET "/users" for 127.0.0.1 at 2017-09-15 18:49:13 -0600
Processing by UsersController#index as HTML
  [1m[36mUser Load (0.2ms)[0m  [1m[34mSELECT "users".* FROM "users"[0m
Completed 200 OK in 2ms (Views: 1.5ms | ActiveRecord: 0.2ms)


Started GET "/users" for 127.0.0.1 at 2017-09-15 18:49:54 -0600
Processing by UsersController#index as HTML
  [1m[36mUser Load (0.5ms)[0m  [1m[34mSELECT "users".* FROM "users"[0m
Completed 200 OK in 3ms (Views: 1.9ms | ActiveRecord: 0.5ms)


Started GET "/users" for 127.0.0.1 at 2017-09-15 19:01:51 -0600
Processing by UsersController#index as */*
Filter chain halted as :authenticate_token rendered or redirected
Completed 200 OK in 6ms (Views: 0.2ms | ActiveRecord: 0.0ms)


Started GET "/users" for 127.0.0.1 at 2017-09-15 19:07:33 -0600
Processing by UsersController#index as */*
Filter chain halted as :authenticate_token rendered or redirected
Completed 200 OK in 0ms (Views: 0.1ms | ActiveRecord: 0.0ms)


Started POST "/users/login" for 127.0.0.1 at 2017-09-15 19:08:18 -0600
Processing by UsersController#login as */*
  Parameters: {"user"=>{"username"=>"Ginger", "password"=>"[FILTERED]"}}
  [1m[36mUser Load (0.4ms)[0m  [1m[34mSELECT  "users".* FROM "users" WHERE "users"."username" = $1 LIMIT $2[0m  [["username", "Ginger"], ["LIMIT", 1]]
Completed 200 OK in 92ms (Views: 0.5ms | ActiveRecord: 3.5ms)


Started GET "/users" for 127.0.0.1 at 2017-09-15 19:08:42 -0600
Processing by UsersController#index as */*
  [1m[36mUser Load (0.3ms)[0m  [1m[34mSELECT "users".* FROM "users"[0m
Completed 200 OK in 2ms (Views: 1.4ms | ActiveRecord: 0.3ms)


Started GET "/users" for 127.0.0.1 at 2017-09-15 19:10:32 -0600
Processing by UsersController#index as */*
Filter chain halted as :authenticate_token rendered or redirected
Completed 200 OK in 1ms (Views: 0.2ms | ActiveRecord: 0.0ms)


Started GET "/users" for 127.0.0.1 at 2017-09-15 19:11:09 -0600
Processing by UsersController#index as */*
  [1m[36mUser Load (0.3ms)[0m  [1m[34mSELECT "users".* FROM "users"[0m
Completed 200 OK in 21ms (Views: 14.4ms | ActiveRecord: 2.7ms)


Started GET "/users/1" for 127.0.0.1 at 2017-09-15 19:12:17 -0600
Processing by UsersController#show as */*
  Parameters: {"id"=>"1"}
  [1m[36mUser Load (0.2ms)[0m  [1m[34mSELECT  "users".* FROM "users" WHERE "users"."id" = $1 LIMIT $2[0m  [["id", 1], ["LIMIT", 1]]
Completed 200 OK in 22ms (Views: 0.5ms | ActiveRecord: 2.9ms)


Started POST "/users/login" for 127.0.0.1 at 2017-09-15 23:11:47 -0600
  [1m[35m (0.7ms)[0m  [1m[34mSELECT "schema_migrations"."version" FROM "schema_migrations" ORDER BY "schema_migrations"."version" ASC[0m
Processing by UsersController#login as HTML
  Parameters: {"user"=>{"username"=>"Ginger", "password"=>"[FILTERED]"}}
  [1m[36mUser Load (0.3ms)[0m  [1m[34mSELECT  "users".* FROM "users" WHERE "users"."username" = $1 LIMIT $2[0m  [["username", "Ginger"], ["LIMIT", 1]]
Completed 200 OK in 86ms (Views: 0.9ms | ActiveRecord: 3.4ms)


Started POST "/users/login" for 127.0.0.1 at 2017-09-15 23:12:23 -0600
Processing by UsersController#login as HTML
  Parameters: {"user"=>{"username"=>"Ginger", "password"=>"[FILTERED]"}}
  [1m[36mUser Load (0.7ms)[0m  [1m[34mSELECT  "users".* FROM "users" WHERE "users"."username" = $1 LIMIT $2[0m  [["username", "Ginger"], ["LIMIT", 1]]
Completed 200 OK in 86ms (Views: 0.5ms | ActiveRecord: 6.7ms)


Started GET "/users" for 127.0.0.1 at 2017-09-15 23:19:46 -0600
Processing by UsersController#index as HTML
  [1m[36mUser Load (0.2ms)[0m  [1m[34mSELECT "users".* FROM "users"[0m
Completed 200 OK in 2ms (Views: 1.2ms | ActiveRecord: 0.2ms)


Started GET "/users" for 127.0.0.1 at 2017-09-15 23:19:51 -0600
Processing by UsersController#index as HTML
  [1m[36mUser Load (0.4ms)[0m  [1m[34mSELECT "users".* FROM "users"[0m
Completed 200 OK in 2ms (Views: 1.0ms | ActiveRecord: 0.4ms)


Started GET "/users" for 127.0.0.1 at 2017-09-15 23:31:15 -0600
Processing by UsersController#index as HTML
  [1m[36mUser Load (0.2ms)[0m  [1m[34mSELECT "users".* FROM "users"[0m
Completed 200 OK in 2ms (Views: 1.5ms | ActiveRecord: 0.2ms)


Started GET "/users" for 127.0.0.1 at 2017-09-15 23:31:17 -0600
Processing by UsersController#index as HTML
  [1m[36mUser Load (0.2ms)[0m  [1m[34mSELECT "users".* FROM "users"[0m
Completed 200 OK in 2ms (Views: 1.2ms | ActiveRecord: 0.2ms)


Started GET "/users" for 127.0.0.1 at 2017-09-16 10:10:10 -0600
  [1m[35m (0.4ms)[0m  [1m[34mSELECT "schema_migrations"."version" FROM "schema_migrations" ORDER BY "schema_migrations"."version" ASC[0m
Processing by UsersController#index as HTML
Filter chain halted as :authenticate_token rendered or redirected
Completed 200 OK in 1ms (Views: 0.2ms | ActiveRecord: 0.0ms)


Started POST "/users/login" for 127.0.0.1 at 2017-09-16 10:10:45 -0600
Processing by UsersController#login as HTML
  Parameters: {"user"=>{"username"=>"Ginger", "password"=>"[FILTERED]"}}
  [1m[36mUser Load (0.3ms)[0m  [1m[34mSELECT  "users".* FROM "users" WHERE "users"."username" = $1 LIMIT $2[0m  [["username", "Ginger"], ["LIMIT", 1]]
Completed 200 OK in 98ms (Views: 0.5ms | ActiveRecord: 9.2ms)


Started POST "/users/login" for 127.0.0.1 at 2017-09-16 10:10:58 -0600
Processing by UsersController#login as HTML
  Parameters: {"user"=>{"username"=>"Ginger", "password"=>"[FILTERED]"}}
  [1m[36mUser Load (0.2ms)[0m  [1m[34mSELECT  "users".* FROM "users" WHERE "users"."username" = $1 LIMIT $2[0m  [["username", "Ginger"], ["LIMIT", 1]]
Completed 200 OK in 75ms (Views: 0.4ms | ActiveRecord: 0.2ms)


Started GET "/users" for 127.0.0.1 at 2017-09-16 10:11:24 -0600
Processing by UsersController#index as HTML
Filter chain halted as :authenticate_token rendered or redirected
Completed 200 OK in 0ms (Views: 0.1ms | ActiveRecord: 0.0ms)


Started POST "/users/login" for 127.0.0.1 at 2017-09-16 10:11:52 -0600
Processing by UsersController#login as HTML
  Parameters: {"user"=>{"username"=>"Ginger", "password"=>"[FILTERED]"}}
  [1m[36mUser Load (0.2ms)[0m  [1m[34mSELECT  "users".* FROM "users" WHERE "users"."username" = $1 LIMIT $2[0m  [["username", "Ginger"], ["LIMIT", 1]]
Completed 200 OK in 76ms (Views: 0.4ms | ActiveRecord: 0.2ms)


Started GET "/users" for 127.0.0.1 at 2017-09-16 10:11:57 -0600
Processing by UsersController#index as HTML
  [1m[36mUser Load (0.4ms)[0m  [1m[34mSELECT "users".* FROM "users"[0m
Completed 200 OK in 2ms (Views: 1.4ms | ActiveRecord: 0.4ms)


Started POST "/users/login" for 127.0.0.1 at 2017-09-16 10:14:09 -0600
Processing by UsersController#login as HTML
  Parameters: {"user"=>{"username"=>"Ginger", "password"=>"[FILTERED]"}}
  [1m[36mUser Load (0.2ms)[0m  [1m[34mSELECT  "users".* FROM "users" WHERE "users"."username" = $1 LIMIT $2[0m  [["username", "Ginger"], ["LIMIT", 1]]
Completed 200 OK in 72ms (Views: 0.4ms | ActiveRecord: 0.2ms)


Started GET "/users" for 127.0.0.1 at 2017-09-16 10:22:37 -0600
Processing by UsersController#index as HTML
  [1m[36mUser Load (0.2ms)[0m  [1m[34mSELECT "users".* FROM "users"[0m
Completed 200 OK in 2ms (Views: 1.2ms | ActiveRecord: 0.2ms)


Started GET "/users" for 127.0.0.1 at 2017-09-16 10:22:41 -0600
Processing by UsersController#index as HTML
  [1m[36mUser Load (0.3ms)[0m  [1m[34mSELECT "users".* FROM "users"[0m
Completed 200 OK in 2ms (Views: 1.2ms | ActiveRecord: 0.3ms)


Started POST "/users/login" for 127.0.0.1 at 2017-09-16 10:23:47 -0600
Processing by UsersController#login as HTML
  Parameters: {"user"=>{"username"=>"Ginger", "password"=>"[FILTERED]"}}
  [1m[36mUser Load (0.2ms)[0m  [1m[34mSELECT  "users".* FROM "users" WHERE "users"."username" = $1 LIMIT $2[0m  [["username", "Ginger"], ["LIMIT", 1]]
Completed 200 OK in 72ms (Views: 0.4ms | ActiveRecord: 0.3ms)


Started GET "/users" for 127.0.0.1 at 2017-09-16 10:23:51 -0600
Processing by UsersController#index as HTML
  [1m[36mUser Load (0.2ms)[0m  [1m[34mSELECT "users".* FROM "users"[0m
Completed 200 OK in 2ms (Views: 1.2ms | ActiveRecord: 0.2ms)


Started GET "/" for 127.0.0.1 at 2017-09-16 16:43:10 -0600
  [1m[35m (0.7ms)[0m  [1m[34mSELECT "schema_migrations"."version" FROM "schema_migrations" ORDER BY "schema_migrations"."version" ASC[0m
Processing by Rails::WelcomeController#index as HTML
  Rendering /Users/jennifergeeslin/.rbenv/versions/2.4.1/lib/ruby/gems/2.4.0/gems/railties-5.1.4/lib/rails/templates/rails/welcome/index.html.erb
  Rendered /Users/jennifergeeslin/.rbenv/versions/2.4.1/lib/ruby/gems/2.4.0/gems/railties-5.1.4/lib/rails/templates/rails/welcome/index.html.erb (3.2ms)
Completed 200 OK in 12ms (Views: 8.7ms | ActiveRecord: 0.0ms)


Started POST "/users/login" for 127.0.0.1 at 2017-09-16 16:44:58 -0600
Processing by UsersController#login as HTML
  Parameters: {"user"=>{"username"=>"Ginger", "password"=>"[FILTERED]"}}
  [1m[36mUser Load (0.4ms)[0m  [1m[34mSELECT  "users".* FROM "users" WHERE "users"."username" = $1 LIMIT $2[0m  [["username", "Ginger"], ["LIMIT", 1]]
Completed 200 OK in 108ms (Views: 0.6ms | ActiveRecord: 10.3ms)


Started POST "/users/login" for 127.0.0.1 at 2017-09-16 16:45:00 -0600
Processing by UsersController#login as HTML
  Parameters: {"user"=>{"username"=>"Ginger", "password"=>"[FILTERED]"}}
  [1m[36mUser Load (0.2ms)[0m  [1m[34mSELECT  "users".* FROM "users" WHERE "users"."username" = $1 LIMIT $2[0m  [["username", "Ginger"], ["LIMIT", 1]]
Completed 200 OK in 78ms (Views: 0.5ms | ActiveRecord: 0.2ms)


Started POST "/users/login" for 127.0.0.1 at 2017-09-16 18:18:12 -0600
Processing by UsersController#login as HTML
  Parameters: {"user"=>{"username"=>"Ginger", "password"=>"[FILTERED]"}}
  [1m[36mUser Load (0.3ms)[0m  [1m[34mSELECT  "users".* FROM "users" WHERE "users"."username" = $1 LIMIT $2[0m  [["username", "Ginger"], ["LIMIT", 1]]
Completed 200 OK in 76ms (Views: 0.2ms | ActiveRecord: 0.3ms)


Started POST "/users/login" for 127.0.0.1 at 2017-09-16 18:18:30 -0600
Processing by UsersController#login as HTML
  Parameters: {"user"=>{"username"=>"Ginger", "password"=>"[FILTERED]"}}
  [1m[36mUser Load (0.2ms)[0m  [1m[34mSELECT  "users".* FROM "users" WHERE "users"."username" = $1 LIMIT $2[0m  [["username", "Ginger"], ["LIMIT", 1]]
Completed 200 OK in 75ms (Views: 0.2ms | ActiveRecord: 0.2ms)


Started POST "/users/login" for 127.0.0.1 at 2017-09-16 18:18:33 -0600
Processing by UsersController#login as HTML
  Parameters: {"user"=>{"username"=>"Ginger", "password"=>"[FILTERED]"}}
  [1m[36mUser Load (0.4ms)[0m  [1m[34mSELECT  "users".* FROM "users" WHERE "users"."username" = $1 LIMIT $2[0m  [["username", "Ginger"], ["LIMIT", 1]]
Completed 200 OK in 78ms (Views: 0.2ms | ActiveRecord: 0.8ms)


Started POST "/users/login" for 127.0.0.1 at 2017-09-16 18:18:50 -0600
Processing by UsersController#login as HTML
  Parameters: {"user"=>{"username"=>"Ginger", "password"=>"[FILTERED]"}}
  [1m[36mUser Load (0.2ms)[0m  [1m[34mSELECT  "users".* FROM "users" WHERE "users"."username" = $1 LIMIT $2[0m  [["username", "Ginger"], ["LIMIT", 1]]
Completed 200 OK in 81ms (Views: 0.5ms | ActiveRecord: 0.2ms)


Started POST "/users/login" for 127.0.0.1 at 2017-09-16 18:18:51 -0600
Processing by UsersController#login as HTML
  Parameters: {"user"=>{"username"=>"Ginger", "password"=>"[FILTERED]"}}
  [1m[36mUser Load (0.2ms)[0m  [1m[34mSELECT  "users".* FROM "users" WHERE "users"."username" = $1 LIMIT $2[0m  [["username", "Ginger"], ["LIMIT", 1]]
Completed 200 OK in 75ms (Views: 0.4ms | ActiveRecord: 0.2ms)


Started GET "/users" for 127.0.0.1 at 2017-09-16 18:19:04 -0600
Processing by UsersController#index as HTML
  [1m[36mUser Load (0.3ms)[0m  [1m[34mSELECT "users".* FROM "users"[0m
Completed 200 OK in 5ms (Views: 3.8ms | ActiveRecord: 0.3ms)


Started POST "/users/login" for 127.0.0.1 at 2017-09-16 18:27:08 -0600
Processing by UsersController#login as */*
  Parameters: {"user"=>{"username"=>"one", "password"=>"[FILTERED]"}}
  [1m[36mUser Load (0.2ms)[0m  [1m[34mSELECT  "users".* FROM "users" WHERE "users"."username" = $1 LIMIT $2[0m  [["username", "one"], ["LIMIT", 1]]
Completed 200 OK in 1ms (Views: 0.2ms | ActiveRecord: 0.2ms)


Started GET "/users/2" for 127.0.0.1 at 2017-09-16 18:28:07 -0600
Processing by UsersController#show as */*
  Parameters: {"id"=>"2"}
  [1m[36mUser Load (0.2ms)[0m  [1m[34mSELECT  "users".* FROM "users" WHERE "users"."id" = $1 LIMIT $2[0m  [["id", 2], ["LIMIT", 1]]
Completed 404 Not Found in 2ms (ActiveRecord: 0.2ms)


  
ActiveRecord::RecordNotFound (Couldn't find User with 'id'=2):
  
app/controllers/users_controller.rb:71:in `set_user'
  [1m[35m (0.2ms)[0m  [1m[35mBEGIN[0m
  [1m[35mSQL (0.5ms)[0m  [1m[32mINSERT INTO "users" ("username", "password_digest", "created_at", "updated_at") VALUES ($1, $2, $3, $4) RETURNING "id"[0m  [["username", "one"], ["password_digest", "$2a$10$H.6nscC7HhI1TFKhNQg.zO8t2CZYl..DGhuBPEx/9iO2PNaXnmttm"], ["created_at", "2017-09-17 00:28:59.109791"], ["updated_at", "2017-09-17 00:28:59.109791"]]
  [1m[35m (12.6ms)[0m  [1m[35mCOMMIT[0m
  [1m[36mUser Load (0.3ms)[0m  [1m[34mSELECT  "users".* FROM "users" LIMIT $1[0m  [["LIMIT", 11]]
Started POST "/users/login" for 127.0.0.1 at 2017-09-16 18:29:23 -0600
Processing by UsersController#login as */*
  Parameters: {"user"=>{"username"=>"one", "password"=>"[FILTERED]"}}
  [1m[36mUser Load (0.2ms)[0m  [1m[34mSELECT  "users".* FROM "users" WHERE "users"."username" = $1 LIMIT $2[0m  [["username", "one"], ["LIMIT", 1]]
Completed 200 OK in 73ms (Views: 0.4ms | ActiveRecord: 0.2ms)


Started GET "/users/login" for 127.0.0.1 at 2017-09-16 18:29:50 -0600
Processing by UsersController#show as */*
  Parameters: {"id"=>"login"}
  [1m[36mUser Load (0.2ms)[0m  [1m[34mSELECT  "users".* FROM "users" WHERE "users"."id" = $1 LIMIT $2[0m  [["id", 0], ["LIMIT", 1]]
Completed 404 Not Found in 1ms (ActiveRecord: 0.2ms)


  
ActiveRecord::RecordNotFound (Couldn't find User with 'id'=login):
  
app/controllers/users_controller.rb:71:in `set_user'
Started GET "/users/login" for 127.0.0.1 at 2017-09-16 18:29:55 -0600
Processing by UsersController#show as */*
  Parameters: {"id"=>"login"}
  [1m[36mUser Load (0.2ms)[0m  [1m[34mSELECT  "users".* FROM "users" WHERE "users"."id" = $1 LIMIT $2[0m  [["id", 0], ["LIMIT", 1]]
Completed 404 Not Found in 1ms (ActiveRecord: 0.2ms)


  
ActiveRecord::RecordNotFound (Couldn't find User with 'id'=login):
  
app/controllers/users_controller.rb:71:in `set_user'
Started GET "/users/2" for 127.0.0.1 at 2017-09-16 18:30:03 -0600
Processing by UsersController#show as */*
  Parameters: {"id"=>"2"}
  [1m[36mUser Load (0.4ms)[0m  [1m[34mSELECT  "users".* FROM "users" WHERE "users"."id" = $1 LIMIT $2[0m  [["id", 2], ["LIMIT", 1]]
  [1m[36mUser Load (0.3ms)[0m  [1m[34mSELECT  "users".* FROM "users" WHERE "users"."id" = $1 LIMIT $2[0m  [["id", 2], ["LIMIT", 1]]
  [1m[36mCACHE User Load (0.0ms)[0m  [1m[34mSELECT  "users".* FROM "users" WHERE "users"."id" = $1 LIMIT $2[0m  [["id", 2], ["LIMIT", 1]]
Completed 200 OK in 4ms (Views: 0.4ms | ActiveRecord: 0.7ms)


Started PATCH "/users/2" for 127.0.0.1 at 2017-09-16 18:30:29 -0600
Processing by UsersController#update as */*
  Parameters: {"user"=>{"username"=>"oneedited", "password"=>"[FILTERED]"}, "id"=>"2"}
  [1m[36mUser Load (0.3ms)[0m  [1m[34mSELECT  "users".* FROM "users" WHERE "users"."id" = $1 LIMIT $2[0m  [["id", 2], ["LIMIT", 1]]
  [1m[36mCACHE User Load (0.0ms)[0m  [1m[34mSELECT  "users".* FROM "users" WHERE "users"."id" = $1 LIMIT $2[0m  [["id", 2], ["LIMIT", 1]]
Completed 500 Internal Server Error in 4ms (ActiveRecord: 0.3ms)


  
NoMethodError (undefined method `update' for nil:NilClass):
  
app/controllers/users_controller.rb:50:in `update'
Started PATCH "/users/2" for 127.0.0.1 at 2017-09-16 18:32:08 -0600
Processing by UsersController#update as */*
  Parameters: {"user"=>{"username"=>"oneedited", "password"=>"[FILTERED]"}, "id"=>"2"}
  [1m[36mUser Load (0.3ms)[0m  [1m[34mSELECT  "users".* FROM "users" WHERE "users"."id" = $1 LIMIT $2[0m  [["id", 2], ["LIMIT", 1]]
  [1m[36mCACHE User Load (0.0ms)[0m  [1m[34mSELECT  "users".* FROM "users" WHERE "users"."id" = $1 LIMIT $2[0m  [["id", 2], ["LIMIT", 1]]
Completed 500 Internal Server Error in 3ms (ActiveRecord: 0.3ms)


  
NoMethodError (undefined method `update' for nil:NilClass):
  
app/controllers/users_controller.rb:50:in `update'
Started PUT "/users/2" for 127.0.0.1 at 2017-09-16 18:32:16 -0600
Processing by UsersController#update as */*
  Parameters: {"user"=>{"username"=>"oneedited", "password"=>"[FILTERED]"}, "id"=>"2"}
  [1m[36mUser Load (0.2ms)[0m  [1m[34mSELECT  "users".* FROM "users" WHERE "users"."id" = $1 LIMIT $2[0m  [["id", 2], ["LIMIT", 1]]
  [1m[36mCACHE User Load (0.0ms)[0m  [1m[34mSELECT  "users".* FROM "users" WHERE "users"."id" = $1 LIMIT $2[0m  [["id", 2], ["LIMIT", 1]]
Completed 500 Internal Server Error in 4ms (ActiveRecord: 0.2ms)


  
NoMethodError (undefined method `update' for nil:NilClass):
  
app/controllers/users_controller.rb:50:in `update'
Started PUT "/users/2" for 127.0.0.1 at 2017-09-16 18:32:19 -0600
Processing by UsersController#update as */*
  Parameters: {"user"=>{"username"=>"oneedited", "password"=>"[FILTERED]"}, "id"=>"2"}
  [1m[36mUser Load (0.2ms)[0m  [1m[34mSELECT  "users".* FROM "users" WHERE "users"."id" = $1 LIMIT $2[0m  [["id", 2], ["LIMIT", 1]]
  [1m[36mCACHE User Load (0.0ms)[0m  [1m[34mSELECT  "users".* FROM "users" WHERE "users"."id" = $1 LIMIT $2[0m  [["id", 2], ["LIMIT", 1]]
Completed 500 Internal Server Error in 4ms (ActiveRecord: 0.3ms)


  
NoMethodError (undefined method `update' for nil:NilClass):
  
app/controllers/users_controller.rb:50:in `update'
Started POST "/users/login" for 127.0.0.1 at 2017-09-16 18:33:10 -0600
  [1m[35m (0.8ms)[0m  [1m[34mSELECT "schema_migrations"."version" FROM "schema_migrations" ORDER BY "schema_migrations"."version" ASC[0m
Processing by UsersController#login as */*
  Parameters: {"user"=>{"username"=>"one", "password"=>"[FILTERED]"}}
  [1m[36mUser Load (0.4ms)[0m  [1m[34mSELECT  "users".* FROM "users" WHERE "users"."username" = $1 LIMIT $2[0m  [["username", "one"], ["LIMIT", 1]]
Completed 200 OK in 87ms (Views: 0.6ms | ActiveRecord: 3.4ms)


Started GET "/users/2" for 127.0.0.1 at 2017-09-16 18:33:56 -0600
Processing by UsersController#show as */*
  Parameters: {"id"=>"2"}
  [1m[36mUser Load (0.4ms)[0m  [1m[34mSELECT  "users".* FROM "users" WHERE "users"."id" = $1 LIMIT $2[0m  [["id", 2], ["LIMIT", 1]]
  [1m[36mUser Load (0.2ms)[0m  [1m[34mSELECT  "users".* FROM "users" WHERE "users"."id" = $1 LIMIT $2[0m  [["id", 2], ["LIMIT", 1]]
  [1m[36mCACHE User Load (0.0ms)[0m  [1m[34mSELECT  "users".* FROM "users" WHERE "users"."id" = $1 LIMIT $2[0m  [["id", 2], ["LIMIT", 1]]
Completed 200 OK in 14ms (Views: 0.4ms | ActiveRecord: 5.5ms)


Started PATCH "/users/2" for 127.0.0.1 at 2017-09-16 18:34:30 -0600
Processing by UsersController#update as */*
  Parameters: {"user"=>{"username"=>"oneedited", "password"=>"[FILTERED]"}, "id"=>"2"}
  [1m[36mUser Load (0.2ms)[0m  [1m[34mSELECT  "users".* FROM "users" WHERE "users"."id" = $1 LIMIT $2[0m  [["id", 2], ["LIMIT", 1]]
  [1m[36mCACHE User Load (0.0ms)[0m  [1m[34mSELECT  "users".* FROM "users" WHERE "users"."id" = $1 LIMIT $2[0m  [["id", 2], ["LIMIT", 1]]
Completed 500 Internal Server Error in 4ms (ActiveRecord: 0.2ms)


  
NoMethodError (undefined method `update' for nil:NilClass):
  
app/controllers/users_controller.rb:50:in `update'
Started GET "/users/2" for 127.0.0.1 at 2017-09-16 18:42:26 -0600
Processing by UsersController#show as */*
  Parameters: {"id"=>"2"}
  [1m[36mUser Load (0.2ms)[0m  [1m[34mSELECT  "users".* FROM "users" WHERE "users"."id" = $1 LIMIT $2[0m  [["id", 2], ["LIMIT", 1]]
  [1m[36mUser Load (0.4ms)[0m  [1m[34mSELECT  "users".* FROM "users" WHERE "users"."id" = $1 LIMIT $2[0m  [["id", 2], ["LIMIT", 1]]
  [1m[36mCACHE User Load (0.0ms)[0m  [1m[34mSELECT  "users".* FROM "users" WHERE "users"."id" = $1 LIMIT $2[0m  [["id", 2], ["LIMIT", 1]]
Completed 200 OK in 16ms (Views: 0.5ms | ActiveRecord: 0.6ms)


Started PATCH "/users/2" for 127.0.0.1 at 2017-09-16 18:42:58 -0600
Processing by UsersController#update as */*
  Parameters: {"user"=>{"username"=>"oneedited", "password"=>"[FILTERED]"}, "id"=>"2"}
  [1m[36mUser Load (0.2ms)[0m  [1m[34mSELECT  "users".* FROM "users" WHERE "users"."id" = $1 LIMIT $2[0m  [["id", 2], ["LIMIT", 1]]
  [1m[36mCACHE User Load (0.0ms)[0m  [1m[34mSELECT  "users".* FROM "users" WHERE "users"."id" = $1 LIMIT $2[0m  [["id", 2], ["LIMIT", 1]]
  [1m[36mUser Load (0.3ms)[0m  [1m[34mSELECT  "users".* FROM "users" WHERE "users"."id" = $1 LIMIT $2[0m  [["id", 2], ["LIMIT", 1]]
  [1m[35m (0.1ms)[0m  [1m[35mBEGIN[0m
  [1m[35mSQL (6.2ms)[0m  [1m[33mUPDATE "users" SET "username" = $1, "password_digest" = $2, "updated_at" = $3 WHERE "users"."id" = $4[0m  [["username", "oneedited"], ["password_digest", "$2a$10$xuzX3V.GTDLxFJdD/IyBseGxClTiQY3Pjd623AdWh3yTet2yGcCjW"], ["updated_at", "2017-09-17 00:42:58.138233"], ["id", 2]]
  [1m[35m (0.4ms)[0m  [1m[35mCOMMIT[0m
Completed 200 OK in 86ms (Views: 0.4ms | ActiveRecord: 7.4ms)


Started DELETE "/users/2" for 127.0.0.1 at 2017-09-16 18:44:04 -0600
Processing by UsersController#destroy as */*
  Parameters: {"user"=>{"username"=>"oneedited", "password"=>"[FILTERED]"}, "id"=>"2"}
  [1m[36mUser Load (0.2ms)[0m  [1m[34mSELECT  "users".* FROM "users" WHERE "users"."id" = $1 LIMIT $2[0m  [["id", 2], ["LIMIT", 1]]
  [1m[36mCACHE User Load (0.0ms)[0m  [1m[34mSELECT  "users".* FROM "users" WHERE "users"."id" = $1 LIMIT $2[0m  [["id", 2], ["LIMIT", 1]]
  [1m[36mUser Load (0.3ms)[0m  [1m[34mSELECT  "users".* FROM "users" WHERE "users"."id" = $1 LIMIT $2[0m  [["id", 2], ["LIMIT", 1]]
  [1m[35m (0.1ms)[0m  [1m[35mBEGIN[0m
  [1m[35mSQL (0.3ms)[0m  [1m[31mDELETE FROM "users" WHERE "users"."id" = $1[0m  [["id", 2]]
  [1m[35m (5.6ms)[0m  [1m[35mCOMMIT[0m
Completed 204 No Content in 11ms (ActiveRecord: 6.5ms)


Started GET "/" for 127.0.0.1 at 2017-09-16 19:44:00 -0600
Processing by WelcomeController#index as HTML
Completed 200 OK in 1ms (Views: 0.3ms | ActiveRecord: 0.0ms)


Started POST "/users/login" for 127.0.0.1 at 2017-09-16 19:46:53 -0600
Processing by UsersController#login as HTML
  Parameters: {"user"=>{"username"=>"Ginger", "password"=>"[FILTERED]"}}
  [1m[36mUser Load (0.2ms)[0m  [1m[34mSELECT  "users".* FROM "users" WHERE "users"."username" = $1 LIMIT $2[0m  [["username", "Ginger"], ["LIMIT", 1]]
Completed 200 OK in 86ms (Views: 0.5ms | ActiveRecord: 0.2ms)


Started POST "/users/login" for 127.0.0.1 at 2017-09-16 19:46:55 -0600
Processing by UsersController#login as HTML
  Parameters: {"user"=>{"username"=>"Ginger", "password"=>"[FILTERED]"}}
  [1m[36mUser Load (0.3ms)[0m  [1m[34mSELECT  "users".* FROM "users" WHERE "users"."username" = $1 LIMIT $2[0m  [["username", "Ginger"], ["LIMIT", 1]]
Completed 200 OK in 75ms (Views: 0.5ms | ActiveRecord: 0.3ms)


Started GET "/users" for 127.0.0.1 at 2017-09-16 19:47:07 -0600
Processing by UsersController#index as HTML
  [1m[36mUser Load (0.2ms)[0m  [1m[34mSELECT "users".* FROM "users"[0m
Completed 200 OK in 2ms (Views: 1.0ms | ActiveRecord: 0.2ms)


Started POST "/users/login" for 127.0.0.1 at 2017-09-16 19:47:17 -0600
Processing by UsersController#login as HTML
  Parameters: {"user"=>{"username"=>"Ginger", "password"=>"[FILTERED]"}}
  [1m[36mUser Load (0.3ms)[0m  [1m[34mSELECT  "users".* FROM "users" WHERE "users"."username" = $1 LIMIT $2[0m  [["username", "Ginger"], ["LIMIT", 1]]
Completed 200 OK in 74ms (Views: 0.5ms | ActiveRecord: 0.3ms)


  [1m[35m (0.1ms)[0m  [1m[34mSELECT pg_try_advisory_lock(5947107203930854185)[0m
  [1m[35m (0.5ms)[0m  [1m[34mSELECT "schema_migrations"."version" FROM "schema_migrations" ORDER BY "schema_migrations"."version" ASC[0m
  [1m[36mActiveRecord::InternalMetadata Load (0.3ms)[0m  [1m[34mSELECT  "ar_internal_metadata".* FROM "ar_internal_metadata" WHERE "ar_internal_metadata"."key" = $1 LIMIT $2[0m  [["key", "environment"], ["LIMIT", 1]]
  [1m[35m (0.2ms)[0m  [1m[35mBEGIN[0m
  [1m[35m (0.1ms)[0m  [1m[35mCOMMIT[0m
  [1m[35m (0.2ms)[0m  [1m[34mSELECT pg_advisory_unlock(5947107203930854185)[0m
  [1m[35m (0.2ms)[0m  [1m[34mSELECT "schema_migrations"."version" FROM "schema_migrations" ORDER BY "schema_migrations"."version" ASC[0m
Started GET "/" for 127.0.0.1 at 2017-09-16 20:10:00 -0600
Processing by WelcomeController#index as HTML
Completed 200 OK in 0ms (Views: 0.1ms | ActiveRecord: 0.0ms)


Started GET "/favicon.ico" for 127.0.0.1 at 2017-09-16 20:10:01 -0600
  
ActionController::RoutingError (No route matches [GET] "/favicon.ico"):
  
actionpack (5.1.4) lib/action_dispatch/middleware/debug_exceptions.rb:63:in `call'
actionpack (5.1.4) lib/action_dispatch/middleware/show_exceptions.rb:31:in `call'
railties (5.1.4) lib/rails/rack/logger.rb:36:in `call_app'
railties (5.1.4) lib/rails/rack/logger.rb:24:in `block in call'
activesupport (5.1.4) lib/active_support/tagged_logging.rb:69:in `block in tagged'
activesupport (5.1.4) lib/active_support/tagged_logging.rb:26:in `tagged'
activesupport (5.1.4) lib/active_support/tagged_logging.rb:69:in `tagged'
railties (5.1.4) lib/rails/rack/logger.rb:24:in `call'
actionpack (5.1.4) lib/action_dispatch/middleware/remote_ip.rb:79:in `call'
actionpack (5.1.4) lib/action_dispatch/middleware/request_id.rb:25:in `call'
rack (2.0.3) lib/rack/runtime.rb:22:in `call'
activesupport (5.1.4) lib/active_support/cache/strategy/local_cache_middleware.rb:27:in `call'
actionpack (5.1.4) lib/action_dispatch/middleware/executor.rb:12:in `call'
actionpack (5.1.4) lib/action_dispatch/middleware/static.rb:125:in `call'
rack (2.0.3) lib/rack/sendfile.rb:111:in `call'
rack-cors (1.0.1) lib/rack/cors.rb:93:in `call'
railties (5.1.4) lib/rails/engine.rb:522:in `call'
puma (3.10.0) lib/puma/configuration.rb:225:in `call'
puma (3.10.0) lib/puma/server.rb:605:in `handle_request'
puma (3.10.0) lib/puma/server.rb:437:in `process_client'
puma (3.10.0) lib/puma/server.rb:301:in `block in run'
puma (3.10.0) lib/puma/thread_pool.rb:120:in `block in spawn_thread'
Started POST "/users/login" for 127.0.0.1 at 2017-09-16 20:10:26 -0600
Processing by UsersController#login as HTML
  Parameters: {"user"=>{"username"=>"Ginger", "password"=>"[FILTERED]"}}
  [1m[36mUser Load (0.2ms)[0m  [1m[34mSELECT  "users".* FROM "users" WHERE "users"."username" = $1 LIMIT $2[0m  [["username", "Ginger"], ["LIMIT", 1]]
Completed 200 OK in 87ms (Views: 0.5ms | ActiveRecord: 2.8ms)


Started POST "/users/login" for 127.0.0.1 at 2017-09-16 20:10:27 -0600
Processing by UsersController#login as HTML
  Parameters: {"user"=>{"username"=>"Ginger", "password"=>"[FILTERED]"}}
  [1m[36mUser Load (0.2ms)[0m  [1m[34mSELECT  "users".* FROM "users" WHERE "users"."username" = $1 LIMIT $2[0m  [["username", "Ginger"], ["LIMIT", 1]]
Completed 200 OK in 73ms (Views: 0.4ms | ActiveRecord: 0.2ms)


Started POST "/users/login" for 127.0.0.1 at 2017-09-16 20:10:29 -0600
Processing by UsersController#login as HTML
  Parameters: {"user"=>{"username"=>"Ginger", "password"=>"[FILTERED]"}}
  [1m[36mUser Load (0.2ms)[0m  [1m[34mSELECT  "users".* FROM "users" WHERE "users"."username" = $1 LIMIT $2[0m  [["username", "Ginger"], ["LIMIT", 1]]
Completed 200 OK in 74ms (Views: 0.5ms | ActiveRecord: 0.2ms)


Started GET "/users" for 127.0.0.1 at 2017-09-16 20:12:01 -0600
Processing by UsersController#index as HTML
  [1m[36mUser Load (0.2ms)[0m  [1m[34mSELECT "users".* FROM "users"[0m
  [1m[36mPlan Load (7.9ms)[0m  [1m[34mSELECT "plans".* FROM "plans" WHERE "plans"."user_id" = $1[0m  [["user_id", 1]]
Completed 200 OK in 38ms (Views: 0.2ms | ActiveRecord: 10.6ms)


Started POST "/users/login" for 127.0.0.1 at 2017-09-16 21:00:37 -0600
Processing by UsersController#login as HTML
  Parameters: {"user"=>{"username"=>"Ginger", "password"=>"[FILTERED]"}}
  [1m[36mUser Load (0.3ms)[0m  [1m[34mSELECT  "users".* FROM "users" WHERE "users"."username" = $1 LIMIT $2[0m  [["username", "Ginger"], ["LIMIT", 1]]
Completed 200 OK in 87ms (Views: 0.2ms | ActiveRecord: 3.0ms)


Started POST "/users/login" for 127.0.0.1 at 2017-09-16 21:00:43 -0600
Processing by UsersController#login as HTML
  Parameters: {"user"=>{"username"=>"Ginger", "password"=>"[FILTERED]"}}
  [1m[36mUser Load (0.2ms)[0m  [1m[34mSELECT  "users".* FROM "users" WHERE "users"."username" = $1 LIMIT $2[0m  [["username", "Ginger"], ["LIMIT", 1]]
Completed 200 OK in 75ms (Views: 0.2ms | ActiveRecord: 0.2ms)


Started POST "/users/login" for 127.0.0.1 at 2017-09-16 21:00:53 -0600
Processing by UsersController#login as HTML
  Parameters: {"user"=>{"username"=>"Ginger", "password"=>"[FILTERED]"}}
  [1m[36mUser Load (0.2ms)[0m  [1m[34mSELECT  "users".* FROM "users" WHERE "users"."username" = $1 LIMIT $2[0m  [["username", "Ginger"], ["LIMIT", 1]]
Completed 200 OK in 74ms (Views: 0.2ms | ActiveRecord: 0.2ms)


Started POST "/users/login" for 127.0.0.1 at 2017-09-16 21:00:55 -0600
Processing by UsersController#login as HTML
  Parameters: {"user"=>{"username"=>"Ginger", "password"=>"[FILTERED]"}}
  [1m[36mUser Load (0.2ms)[0m  [1m[34mSELECT  "users".* FROM "users" WHERE "users"."username" = $1 LIMIT $2[0m  [["username", "Ginger"], ["LIMIT", 1]]
Completed 200 OK in 77ms (Views: 0.2ms | ActiveRecord: 0.2ms)


Started POST "/users" for 127.0.0.1 at 2017-09-16 21:01:30 -0600
Processing by UsersController#create as HTML
  Parameters: {"user"=>{"username"=>"one", "password"=>"[FILTERED]", "grade"=>"11", "interests"=>"asdfasd", "strengths"=>"asdfas", "aspirations"=>"asdfasd", "date"=>"asdfasd"}}
Unpermitted parameters: :grade, :interests, :strengths, :aspirations, :date
  [1m[35m (0.1ms)[0m  [1m[35mBEGIN[0m
  [1m[35mSQL (0.3ms)[0m  [1m[32mINSERT INTO "users" ("username", "password_digest", "created_at", "updated_at") VALUES ($1, $2, $3, $4) RETURNING "id"[0m  [["username", "one"], ["password_digest", "$2a$10$pHPSe/zL2Bb1Yy8bEyXDnueHnREbD72jedLx1ijaqmFXBIUkLlgAm"], ["created_at", "2017-09-17 03:01:30.212121"], ["updated_at", "2017-09-17 03:01:30.212121"]]
  [1m[35m (2.4ms)[0m  [1m[35mCOMMIT[0m
Completed 201 Created in 76ms (Views: 0.5ms | ActiveRecord: 2.8ms)


Started POST "/users/login" for 127.0.0.1 at 2017-09-16 21:01:33 -0600
Processing by UsersController#login as HTML
  Parameters: {"user"=>{"username"=>"one", "password"=>"[FILTERED]"}}
  [1m[36mUser Load (0.2ms)[0m  [1m[34mSELECT  "users".* FROM "users" WHERE "users"."username" = $1 LIMIT $2[0m  [["username", "one"], ["LIMIT", 1]]
Completed 200 OK in 72ms (Views: 0.7ms | ActiveRecord: 0.2ms)


Started POST "/users/login" for 127.0.0.1 at 2017-09-16 21:01:42 -0600
Processing by UsersController#login as HTML
  Parameters: {"user"=>{"username"=>"one", "password"=>"[FILTERED]"}}
  [1m[36mUser Load (0.1ms)[0m  [1m[34mSELECT  "users".* FROM "users" WHERE "users"."username" = $1 LIMIT $2[0m  [["username", "one"], ["LIMIT", 1]]
Completed 200 OK in 74ms (Views: 0.4ms | ActiveRecord: 0.1ms)


Started POST "/users/login" for 127.0.0.1 at 2017-09-16 21:01:43 -0600
Processing by UsersController#login as HTML
  Parameters: {"user"=>{"username"=>"one", "password"=>"[FILTERED]"}}
  [1m[36mUser Load (0.2ms)[0m  [1m[34mSELECT  "users".* FROM "users" WHERE "users"."username" = $1 LIMIT $2[0m  [["username", "one"], ["LIMIT", 1]]
Completed 200 OK in 75ms (Views: 0.4ms | ActiveRecord: 0.2ms)


Started POST "/users/login" for 127.0.0.1 at 2017-09-16 21:01:43 -0600
Processing by UsersController#login as HTML
  Parameters: {"user"=>{"username"=>"one", "password"=>"[FILTERED]"}}
  [1m[36mUser Load (0.2ms)[0m  [1m[34mSELECT  "users".* FROM "users" WHERE "users"."username" = $1 LIMIT $2[0m  [["username", "one"], ["LIMIT", 1]]
Completed 200 OK in 72ms (Views: 0.4ms | ActiveRecord: 0.2ms)


Started POST "/users/login" for 127.0.0.1 at 2017-09-16 21:01:44 -0600
Processing by UsersController#login as HTML
  Parameters: {"user"=>{"username"=>"one", "password"=>"[FILTERED]"}}
  [1m[36mUser Load (0.2ms)[0m  [1m[34mSELECT  "users".* FROM "users" WHERE "users"."username" = $1 LIMIT $2[0m  [["username", "one"], ["LIMIT", 1]]
Completed 200 OK in 75ms (Views: 0.8ms | ActiveRecord: 0.2ms)


Started POST "/users/login" for 127.0.0.1 at 2017-09-16 21:01:44 -0600
Processing by UsersController#login as HTML
  Parameters: {"user"=>{"username"=>"one", "password"=>"[FILTERED]"}}
  [1m[36mUser Load (0.1ms)[0m  [1m[34mSELECT  "users".* FROM "users" WHERE "users"."username" = $1 LIMIT $2[0m  [["username", "one"], ["LIMIT", 1]]
Completed 200 OK in 73ms (Views: 0.5ms | ActiveRecord: 0.1ms)


Started POST "/users/login" for 127.0.0.1 at 2017-09-16 21:01:45 -0600
Processing by UsersController#login as HTML
  Parameters: {"user"=>{"username"=>"one", "password"=>"[FILTERED]"}}
  [1m[36mUser Load (0.2ms)[0m  [1m[34mSELECT  "users".* FROM "users" WHERE "users"."username" = $1 LIMIT $2[0m  [["username", "one"], ["LIMIT", 1]]
Completed 200 OK in 73ms (Views: 0.4ms | ActiveRecord: 0.2ms)


Started POST "/users/login" for 127.0.0.1 at 2017-09-16 21:01:45 -0600
Processing by UsersController#login as HTML
  Parameters: {"user"=>{"username"=>"one", "password"=>"[FILTERED]"}}
  [1m[36mUser Load (0.1ms)[0m  [1m[34mSELECT  "users".* FROM "users" WHERE "users"."username" = $1 LIMIT $2[0m  [["username", "one"], ["LIMIT", 1]]
Completed 200 OK in 73ms (Views: 0.4ms | ActiveRecord: 0.1ms)


Started POST "/users/login" for 127.0.0.1 at 2017-09-16 21:01:45 -0600
Processing by UsersController#login as HTML
  Parameters: {"user"=>{"username"=>"one", "password"=>"[FILTERED]"}}
  [1m[36mUser Load (0.1ms)[0m  [1m[34mSELECT  "users".* FROM "users" WHERE "users"."username" = $1 LIMIT $2[0m  [["username", "one"], ["LIMIT", 1]]
Completed 200 OK in 73ms (Views: 0.4ms | ActiveRecord: 0.1ms)


Started POST "/users/login" for 127.0.0.1 at 2017-09-16 21:01:49 -0600
Processing by UsersController#login as HTML
  Parameters: {"user"=>{"username"=>"one", "password"=>"[FILTERED]"}}
  [1m[36mUser Load (0.2ms)[0m  [1m[34mSELECT  "users".* FROM "users" WHERE "users"."username" = $1 LIMIT $2[0m  [["username", "one"], ["LIMIT", 1]]
Completed 200 OK in 72ms (Views: 0.4ms | ActiveRecord: 0.2ms)


Started POST "/users/login" for 127.0.0.1 at 2017-09-16 21:01:56 -0600
Processing by UsersController#login as HTML
  Parameters: {"user"=>{"username"=>"one", "password"=>"[FILTERED]"}}
  [1m[36mUser Load (0.2ms)[0m  [1m[34mSELECT  "users".* FROM "users" WHERE "users"."username" = $1 LIMIT $2[0m  [["username", "one"], ["LIMIT", 1]]
Completed 200 OK in 73ms (Views: 0.5ms | ActiveRecord: 0.2ms)


Started GET "/users" for 127.0.0.1 at 2017-09-16 21:02:06 -0600
Processing by UsersController#index as HTML
  [1m[36mUser Load (0.2ms)[0m  [1m[34mSELECT "users".* FROM "users"[0m
  [1m[36mPlan Load (0.2ms)[0m  [1m[34mSELECT "plans".* FROM "plans" WHERE "plans"."user_id" = $1[0m  [["user_id", 1]]
  [1m[36mPlan Load (0.2ms)[0m  [1m[34mSELECT "plans".* FROM "plans" WHERE "plans"."user_id" = $1[0m  [["user_id", 3]]
Completed 200 OK in 10ms (Views: 0.1ms | ActiveRecord: 1.8ms)


Started POST "/users/login" for 127.0.0.1 at 2017-09-16 21:02:29 -0600
Processing by UsersController#login as HTML
  Parameters: {"user"=>{"username"=>"one", "password"=>"[FILTERED]"}}
  [1m[36mUser Load (0.1ms)[0m  [1m[34mSELECT  "users".* FROM "users" WHERE "users"."username" = $1 LIMIT $2[0m  [["username", "one"], ["LIMIT", 1]]
Completed 200 OK in 76ms (Views: 0.4ms | ActiveRecord: 0.1ms)


Started GET "/users" for 127.0.0.1 at 2017-09-16 21:02:35 -0600
Processing by UsersController#index as HTML
  [1m[36mUser Load (0.2ms)[0m  [1m[34mSELECT "users".* FROM "users"[0m
  [1m[36mPlan Load (0.2ms)[0m  [1m[34mSELECT "plans".* FROM "plans" WHERE "plans"."user_id" = $1[0m  [["user_id", 1]]
  [1m[36mPlan Load (0.2ms)[0m  [1m[34mSELECT "plans".* FROM "plans" WHERE "plans"."user_id" = $1[0m  [["user_id", 3]]
Completed 200 OK in 4ms (Views: 0.1ms | ActiveRecord: 0.6ms)


Started POST "/users" for 127.0.0.1 at 2017-09-16 21:05:12 -0600
Processing by UsersController#create as HTML
  Parameters: {"user"=>{"username"=>"two", "password"=>"[FILTERED]", "grade"=>"two", "interests"=>"two", "strengths"=>"two", "aspirations"=>"two", "date"=>"2222/22/22"}}
  [1m[35m (0.1ms)[0m  [1m[35mBEGIN[0m
  [1m[35mSQL (0.4ms)[0m  [1m[32mINSERT INTO "users" ("username", "password_digest", "grade", "interests", "strengths", "aspirations", "created_at", "updated_at") VALUES ($1, $2, $3, $4, $5, $6, $7, $8) RETURNING "id"[0m  [["username", "two"], ["password_digest", "$2a$10$t1YEnFFk6Ize6ZWH7o4QOujSdTi24pJ8F7oAav7eDCecFqPMUfHQa"], ["grade", 0], ["interests", "two"], ["strengths", "two"], ["aspirations", "two"], ["created_at", "2017-09-17 03:05:12.987856"], ["updated_at", "2017-09-17 03:05:12.987856"]]
  [1m[35m (5.8ms)[0m  [1m[35mCOMMIT[0m
Completed 201 Created in 96ms (Views: 0.5ms | ActiveRecord: 6.3ms)


Started POST "/users/login" for 127.0.0.1 at 2017-09-16 21:05:18 -0600
Processing by UsersController#login as HTML
  Parameters: {"user"=>{"username"=>"two", "password"=>"[FILTERED]"}}
  [1m[36mUser Load (0.2ms)[0m  [1m[34mSELECT  "users".* FROM "users" WHERE "users"."username" = $1 LIMIT $2[0m  [["username", "two"], ["LIMIT", 1]]
Completed 200 OK in 79ms (Views: 0.5ms | ActiveRecord: 0.2ms)


Started POST "/users" for 127.0.0.1 at 2017-09-16 21:08:13 -0600
Processing by UsersController#create as HTML
  Parameters: {"user"=>{"username"=>"three", "password"=>"[FILTERED]", "grade"=>"3", "interests"=>"watch 3 musketeers", "strengths"=>"lift 3 pounds", "aspirations"=>"have 3 islands", "date"=>"2017-09-16T06:00:00.000Z"}}
  [1m[35m (0.2ms)[0m  [1m[35mBEGIN[0m
  [1m[35mSQL (0.5ms)[0m  [1m[32mINSERT INTO "users" ("username", "password_digest", "grade", "interests", "strengths", "aspirations", "date", "created_at", "updated_at") VALUES ($1, $2, $3, $4, $5, $6, $7, $8, $9) RETURNING "id"[0m  [["username", "three"], ["password_digest", "$2a$10$0U8ngWnNBKhpTf.NZ8k2gOijNFZydcjtbpKSKUS5GplfW16xVNxFK"], ["grade", 3], ["interests", "watch 3 musketeers"], ["strengths", "lift 3 pounds"], ["aspirations", "have 3 islands"], ["date", "2017-09-16"], ["created_at", "2017-09-17 03:08:13.646099"], ["updated_at", "2017-09-17 03:08:13.646099"]]
  [1m[35m (6.5ms)[0m  [1m[35mCOMMIT[0m
Completed 201 Created in 89ms (Views: 0.7ms | ActiveRecord: 7.2ms)


Started POST "/users/login" for 127.0.0.1 at 2017-09-16 21:08:17 -0600
Processing by UsersController#login as HTML
  Parameters: {"user"=>{"username"=>"three", "password"=>"[FILTERED]"}}
  [1m[36mUser Load (0.1ms)[0m  [1m[34mSELECT  "users".* FROM "users" WHERE "users"."username" = $1 LIMIT $2[0m  [["username", "three"], ["LIMIT", 1]]
Completed 200 OK in 75ms (Views: 0.5ms | ActiveRecord: 0.1ms)


